0 info it worked if it ends with ok
1 verbose cli [ '/Users/weixia/.nvm/versions/node/v6.5.0/bin/node',
1 verbose cli   '/Users/weixia/.nvm/versions/node/v6.5.0/bin/npm',
1 verbose cli   'start' ]
2 info using npm@3.10.3
3 info using node@v6.5.0
4 verbose stack Error: missing script: start
4 verbose stack     at run (/Users/weixia/.nvm/versions/node/v6.5.0/lib/node_modules/npm/lib/run-script.js:151:19)
4 verbose stack     at /Users/weixia/.nvm/versions/node/v6.5.0/lib/node_modules/npm/lib/run-script.js:61:5
4 verbose stack     at /Users/weixia/.nvm/versions/node/v6.5.0/lib/node_modules/npm/node_modules/read-package-json/read-json.js:356:5
4 verbose stack     at checkBinReferences_ (/Users/weixia/.nvm/versions/node/v6.5.0/lib/node_modules/npm/node_modules/read-package-json/read-json.js:320:45)
4 verbose stack     at final (/Users/weixia/.nvm/versions/node/v6.5.0/lib/node_modules/npm/node_modules/read-package-json/read-json.js:354:3)
4 verbose stack     at then (/Users/weixia/.nvm/versions/node/v6.5.0/lib/node_modules/npm/node_modules/read-package-json/read-json.js:124:5)
4 verbose stack     at ReadFileContext.<anonymous> (/Users/weixia/.nvm/versions/node/v6.5.0/lib/node_modules/npm/node_modules/read-package-json/read-json.js:295:20)
4 verbose stack     at ReadFileContext.callback (/Users/weixia/.nvm/versions/node/v6.5.0/lib/node_modules/npm/node_modules/graceful-fs/graceful-fs.js:78:16)
4 verbose stack     at FSReqWrap.readFileAfterOpen [as oncomplete] (fs.js:365:13)
5 verbose cwd /Users/weixia/Library/Application Support/Alfred 3/Alfred.alfredpreferences/workflows/user.workflow.D1A9AF8A-7F95-4BB2-B26B-C939D6253FAA
6 error Darwin 17.4.0
7 error argv "/Users/weixia/.nvm/versions/node/v6.5.0/bin/node" "/Users/weixia/.nvm/versions/node/v6.5.0/bin/npm" "start"
8 error node v6.5.0
9 error npm  v3.10.3
10 error missing script: start
11 error If you need help, you may report this error at:
11 error     <https://github.com/npm/npm/issues>
12 verbose exit [ 1, true ]
